  main.cpp
d:\game development\study\projects\rope-bridge---constraints-assignment\rope bridge\open_source\bullet\bulletdynamics\constraintsolver\btContactConstraint.h(25): warning C4359: 'btContactConstraint': Alignment specifier is less than actual alignment (128), and will be ignored.
d:\game development\study\projects\rope-bridge---constraints-assignment\rope bridge\open_source\bullet\BulletDynamics/MLCPSolvers/btDantzigLCP.cpp(1567): warning C4473: 'printf' : not enough arguments passed for format string
  d:\game development\study\projects\rope-bridge---constraints-assignment\rope bridge\open_source\bullet\BulletDynamics/MLCPSolvers/btDantzigLCP.cpp(1567): note: placeholders and their parameters expect 2 variadic arguments, but 1 were provided
  d:\game development\study\projects\rope-bridge---constraints-assignment\rope bridge\open_source\bullet\BulletDynamics/MLCPSolvers/btDantzigLCP.cpp(1567): note: the missing variadic argument 2 is required by format string '% s'
d:\game development\study\projects\rope-bridge---constraints-assignment\rope bridge\src\examples\example_shapes\bridge.h(45): warning C4244: '=': conversion from 'int' to 'float', possible loss of data
d:\game development\study\projects\rope-bridge---constraints-assignment\rope bridge\src\examples\example_shapes\bridge.h(47): warning C4244: 'argument': conversion from 'int' to 'float', possible loss of data
d:\game development\study\projects\rope-bridge---constraints-assignment\rope bridge\src\examples\example_shapes\bridge.h(53): warning C4244: 'argument': conversion from 'int' to 'float', possible loss of data
d:\game development\study\projects\rope-bridge---constraints-assignment\rope bridge\src\examples\example_shapes\bridge.h(61): warning C4244: 'argument': conversion from 'int' to 'float', possible loss of data
d:\game development\study\projects\rope-bridge---constraints-assignment\rope bridge\src\examples\example_shapes\bridge.h(214): warning C4244: 'initializing': conversion from 'int' to 'float', possible loss of data
d:\game development\study\projects\rope-bridge---constraints-assignment\rope bridge\src\examples\example_shapes\collisions handler.h(107): warning C4018: '<': signed/unsigned mismatch
d:\game development\study\projects\rope-bridge---constraints-assignment\rope bridge\src\examples\example_shapes\collisions handler.h(110): warning C4018: '<': signed/unsigned mismatch
d:\game development\study\projects\rope-bridge---constraints-assignment\rope bridge\src\examples\example_shapes\collisions handler.h(113): warning C4018: '<': signed/unsigned mismatch
d:\game development\study\projects\rope-bridge---constraints-assignment\rope bridge\src\examples\example_shapes\collisions handler.h(138): warning C4018: '<': signed/unsigned mismatch
d:\game development\study\projects\rope-bridge---constraints-assignment\rope bridge\src\examples\example_shapes\collisions handler.h(142): warning C4018: '<': signed/unsigned mismatch
d:\game development\study\projects\rope-bridge---constraints-assignment\rope bridge\src\examples\example_shapes\rope bridge.h(68): warning C4244: 'argument': conversion from 'int' to 'float', possible loss of data
d:\game development\study\projects\rope-bridge---constraints-assignment\rope bridge\src\examples\example_shapes\rope bridge.h(71): warning C4316: 'octet::Bridge': object allocated on the heap may not be aligned 16
d:\game development\study\projects\rope-bridge---constraints-assignment\rope bridge\src\examples\example_shapes\rope bridge.h(80): warning C4244: 'initializing': conversion from 'int' to 'float', possible loss of data
d:\game development\study\projects\rope-bridge---constraints-assignment\rope bridge\src\examples\example_shapes\rope bridge.h(81): warning C4244: 'initializing': conversion from 'int' to 'float', possible loss of data
  example_shapes.vcxproj -> D:\Game development\Study\Projects\Rope-bridge---Constraints-assignment\rope bridge\src\examples\example_shapes\Debug\rope bridge_debug.exe
  example_shapes.vcxproj -> D:\Game development\Study\Projects\Rope-bridge---Constraints-assignment\rope bridge\src\examples\example_shapes\Debug\rope bridge_debug.pdb (Full PDB)
